<?xml version="1.0" encoding="UTF-8"?>
<!-- Generated by org.testng.reporters.JUnitReportReporter -->
<testsuite hostname="LAPTOP-SE59J22D" failures="0" tests="1" name="Efleet_TestCases.ReadData_Excel" time="0.932" errors="0" timestamp="2022-08-25T15:10:18 IST" skipped="0">
  <testcase classname="Efleet_TestCases.ReadData_Excel" name="dataReadtest" time="0.932"/>
  <system-out/>
</testsuite> <!-- Efleet_TestCases.ReadData_Excel -->
