<?xml version="1.0" encoding="UTF-8"?>
<!-- Generated by org.testng.reporters.JUnitReportReporter -->
<testsuite hostname="LAPTOP-SE59J22D" failures="0" tests="3" name="sample.demoJava" time="16.796" errors="0" timestamp="2022-09-08T10:21:50 IST" skipped="0">
  <testcase classname="sample.demoJava" name="TestCase" time="12.539"/>
  <system-out/>
  <testcase classname="sample.demoJava" name="read_write_Login_ExcelData" time="4.196"/>
  <system-out/>
  <testcase classname="sample.demoJava" name="Login" time="0.061"/>
  <system-out/>
</testsuite> <!-- sample.demoJava -->
